[debug] [2021-05-14T02:53:40.952Z] ----------------------------------------------------------------------
[debug] [2021-05-14T02:53:40.956Z] Command:       C:\Program Files\nodejs\node.exe C:\Users\dksro\AppData\Roaming\npm\node_modules\firebase-tools\lib\bin\firebase.js serve
[debug] [2021-05-14T02:53:40.956Z] CLI Version:   9.8.0
[debug] [2021-05-14T02:53:40.957Z] Platform:      win32
[debug] [2021-05-14T02:53:40.957Z] Node Version:  v15.12.0
[debug] [2021-05-14T02:53:40.959Z] Time:          Fri May 14 2021 11:53:40 GMT+0900 (대한민국 표준시)
[debug] [2021-05-14T02:53:40.959Z] ----------------------------------------------------------------------
[debug] 
[debug] [2021-05-14T02:53:40.972Z] > command requires scopes: ["email","openid","https://www.googleapis.com/auth/cloudplatformprojects.readonly","https://www.googleapis.com/auth/firebase","https://www.googleapis.com/auth/cloud-platform"]
[debug] [2021-05-14T02:53:40.973Z] > authorizing via signed-in user
[debug] [2021-05-14T02:53:40.974Z] [iam] checking project jin-web-board for permissions ["firebase.projects.get"]
[debug] [2021-05-14T02:53:40.978Z] > refreshing access token with scopes: ["email","https://www.googleapis.com/auth/cloud-platform","https://www.googleapis.com/auth/cloudplatformprojects.readonly","https://www.googleapis.com/auth/firebase","openid"]
[debug] [2021-05-14T02:53:40.978Z] >>> HTTP REQUEST POST https://www.googleapis.com/oauth2/v3/token  
 <request body omitted>
[debug] [2021-05-14T02:53:41.293Z] <<< HTTP RESPONSE 200 {"expires":"Mon, 01 Jan 1990 00:00:00 GMT","date":"Fri, 14 May 2021 02:53:41 GMT","pragma":"no-cache","cache-control":"no-cache, no-store, max-age=0, must-revalidate","content-type":"application/json; charset=utf-8","vary":"X-Origin, Referer, Origin,Accept-Encoding","server":"scaffolding on HTTPServer2","x-xss-protection":"0","x-frame-options":"SAMEORIGIN","x-content-type-options":"nosniff","alt-svc":"h3-29=\":443\"; ma=2592000,h3-T051=\":443\"; ma=2592000,h3-Q050=\":443\"; ma=2592000,h3-Q046=\":443\"; ma=2592000,h3-Q043=\":443\"; ma=2592000,quic=\":443\"; ma=2592000; v=\"46,43\"","accept-ranges":"none","transfer-encoding":"chunked"}
[debug] [2021-05-14T02:53:41.320Z] >>> HTTP REQUEST POST https://cloudresourcemanager.googleapis.com/v1/projects/jin-web-board:testIamPermissions  
 {"permissions":["firebase.projects.get"]}
[debug] [2021-05-14T02:53:42.207Z] <<< HTTP RESPONSE 200 {"content-type":"application/json; charset=UTF-8","vary":"X-Origin, Referer, Origin,Accept-Encoding","date":"Fri, 14 May 2021 02:53:42 GMT","server":"ESF","cache-control":"private","x-xss-protection":"0","x-frame-options":"SAMEORIGIN","x-content-type-options":"nosniff","server-timing":"gfet4t7; dur=580","alt-svc":"h3-29=\":443\"; ma=2592000,h3-T051=\":443\"; ma=2592000,h3-Q050=\":443\"; ma=2592000,h3-Q046=\":443\"; ma=2592000,h3-Q043=\":443\"; ma=2592000,quic=\":443\"; ma=2592000; v=\"46,43\"","accept-ranges":"none","transfer-encoding":"chunked"}
[debug] [2021-05-14T02:53:42.211Z] > refreshing access token with scopes: []
[debug] [2021-05-14T02:53:42.211Z] >>> HTTP REQUEST POST https://www.googleapis.com/oauth2/v3/token  
 <request body omitted>
